<?xml version="1.0" encoding="UTF-8"?>
<!-- Generated by org.testng.reporters.JUnitXMLReporter -->
<testsuite hostname="Ajays-Air.station" ignored="0" name="Repairs_Overview" tests="1" failures="0" timestamp="2022-04-09T18:13:22 IST" time="0.021" errors="0">
  <testcase name="@BeforeClass setUp" time="0.012" classname="Suite.Repairs_Overview">
    <failure type="java.lang.NoSuchMethodError" message="org.openqa.selenium.chrome.ChromeOptions.addArguments([Ljava/lang/String;)Lorg/openqa/selenium/chrome/ChromeOptions;">
      <![CDATA[java.lang.NoSuchMethodError: org.openqa.selenium.chrome.ChromeOptions.addArguments([Ljava/lang/String;)Lorg/openqa/selenium/chrome/ChromeOptions;
at Suite.Repairs_Overview.setUp(Repairs_Overview.java:26)
at java.util.ArrayList.forEach(ArrayList.java:1257)
at java.util.concurrent.FutureTask.run(FutureTask.java:266)
at java.util.concurrent.ThreadPoolExecutor.runWorker(ThreadPoolExecutor.java:1149)
at java.util.concurrent.ThreadPoolExecutor$Worker.run(ThreadPoolExecutor.java:624)
at java.lang.Thread.run(Thread.java:748)
... Removed 16 stack frames]]>
    </failure>
  </testcase> <!-- @BeforeClass setUp -->
  <testcase name="@AfterMethod getResult" time="0.001" classname="allTest.baseTest">
    <failure type="java.lang.NullPointerException">
      <![CDATA[java.lang.NullPointerException
]]>
    </failure>
  </testcase> <!-- @AfterMethod getResult -->
  <testcase name="@AfterTest afterTest_Properties_Overview" time="-1.649524402966E9" classname="Suite.Repairs_Overview">
    <skipped/>
  </testcase> <!-- @AfterTest afterTest_Properties_Overview -->
  <testcase name="test_Repairs_Overview" time="0.0" classname="Suite.Repairs_Overview">
    <skipped/>
  </testcase> <!-- test_Repairs_Overview -->
</testsuite> <!-- Repairs_Overview -->
