<?xml version="1.0" encoding="UTF-8"?>
<!-- Generated by org.testng.reporters.JUnitXMLReporter -->
<testsuite hostname="Ajays-Air.station" ignored="0" name="sites_Tab" tests="1" failures="0" timestamp="2022-04-09T18:13:22 IST" time="0.021" errors="0">
  <testcase name="@BeforeClass setUp" time="0.012" classname="Suite.sites_Tab">
    <failure type="java.lang.NoSuchMethodError" message="org.openqa.selenium.chrome.ChromeOptions.addArguments([Ljava/lang/String;)Lorg/openqa/selenium/chrome/ChromeOptions;">
      <![CDATA[java.lang.NoSuchMethodError: org.openqa.selenium.chrome.ChromeOptions.addArguments([Ljava/lang/String;)Lorg/openqa/selenium/chrome/ChromeOptions;
at Suite.sites_Tab.setUp(sites_Tab.java:30)
at java.util.ArrayList.forEach(ArrayList.java:1257)
at java.util.concurrent.FutureTask.run(FutureTask.java:266)
at java.util.concurrent.ThreadPoolExecutor.runWorker(ThreadPoolExecutor.java:1149)
at java.util.concurrent.ThreadPoolExecutor$Worker.run(ThreadPoolExecutor.java:624)
at java.lang.Thread.run(Thread.java:748)
... Removed 16 stack frames]]>
    </failure>
  </testcase> <!-- @BeforeClass setUp -->
  <testcase name="@AfterMethod getResult" time="0.0" classname="allTest.baseTest">
    <failure type="java.lang.NullPointerException">
      <![CDATA[java.lang.NullPointerException
]]>
    </failure>
  </testcase> <!-- @AfterMethod getResult -->
  <testcase name="@AfterTest afterTest_properties_Tab" time="-1.649524402938E9" classname="Suite.sites_Tab">
    <skipped/>
  </testcase> <!-- @AfterTest afterTest_properties_Tab -->
  <testcase name="testeasy_Sites_Overview" time="0.0" classname="Suite.sites_Tab">
    <skipped/>
  </testcase> <!-- testeasy_Sites_Overview -->
</testsuite> <!-- sites_Tab -->
